<?xml version="1.0" encoding="UTF-8"?>
<!-- Generated by org.testng.reporters.JUnitReportReporter -->
<testsuite skipped="1" hostname="HP-PCTDFHGJ" name="com.orangehrm.hybdridframework.testcases.LoginTC_01" tests="2" failures="0" timestamp="2023-01-12T09:38:29 IST" time="18.641" errors="0">
  <testcase name="loginTC_01" time="18.641" classname="com.orangehrm.hybdridframework.testcases.LoginTC_01"/>
  <system-out>
    <![CDATA[ Login page object are initilised 
 Enetr username to txt_username field 
 Enetr password to txt_password field 
click on loggin button 
user shoulld be landed on dashboard page ]]>
  </system-out>
  <testcase name="validateOrangeHRMLogoOnLoginPage" classname="com.orangehrm.hybdridframework.testcases.LoginTC_01">
    <skipped/>
  </testcase> <!-- validateOrangeHRMLogoOnLoginPage -->
  <system-out/>
</testsuite> <!-- com.orangehrm.hybdridframework.testcases.LoginTC_01 -->
